Using pre-set license
Built from '2020.2/release' branch; Version is '2020.2.4f1 (becced5a802b) revision 12504301'; Using compiler version '192528614'; Build Type 'Release'
OS: 'Windows 10 Home; OS build 18363.1379; Version 1909; 64bit' Language: 'en' Physical Memory: 16260 MB
BatchMode: 1, IsHumanControllingUs: 0, StartBugReporterOnCrash: 0, Is64bit: 1, IsPro: 0

 COMMAND LINE ARGUMENTS:
C:\Program Files\Unity\2020.2.4f1\Editor\Unity.exe
-adb2
-batchMode
-noUpm
-name
AssetImportWorker0
-projectPath
D:/Documents/UnityProjects/SpaceInvaders
-logFile
Logs/AssetImportWorker0.log
-srvPort
51897
Successfully changed project path to: D:/Documents/UnityProjects/SpaceInvaders
D:/Documents/UnityProjects/SpaceInvaders
Using Asset Import Pipeline V2.
Refreshing native plugins compatible for Editor in 23.10 ms, found 0 plugins.
Preloading 0 native plugins for Editor in 0.00 ms.
Initialize engine version: 2020.2.4f1 (becced5a802b)
[Subsystems] Discovering subsystems at path C:/Program Files/Unity/2020.2.4f1/Editor/Data/Resources/UnitySubsystems
[Subsystems] Discovering subsystems at path D:/Documents/UnityProjects/SpaceInvaders/Assets
GfxDevice: creating device client; threaded=0
Direct3D:
    Version:  Direct3D 11.0 [level 11.1]
    Renderer: NVIDIA GeForce GTX 1060 (ID=0x1c60)
    Vendor:   
    VRAM:     6052 MB
    Driver:   27.21.14.6109
Initialize mono
Mono path[0] = 'C:/Program Files/Unity/2020.2.4f1/Editor/Data/Managed'
Mono path[1] = 'C:/Program Files/Unity/2020.2.4f1/Editor/Data/MonoBleedingEdge/lib/mono/unityjit'
Mono config path = 'C:/Program Files/Unity/2020.2.4f1/Editor/Data/MonoBleedingEdge/etc'
Using monoOptions --debugger-agent=transport=dt_socket,embedding=1,server=y,suspend=n,address=127.0.0.1:56868
Begin MonoManager ReloadAssembly
Registering precompiled unity dll's ...
Register platform support module: C:/Program Files/Unity/2020.2.4f1/Editor/Data/PlaybackEngines/WindowsStandaloneSupport/UnityEditor.WindowsStandalone.Extensions.dll
Registered in 0.002229 seconds.
Native extension for WindowsStandalone target not found
Refreshing native plugins compatible for Editor in 20.99 ms, found 0 plugins.
Preloading 0 native plugins for Editor in 0.00 ms.
Invoked RoslynAnalysisRunner static constructor.
RoslynAnalysisRunner will not be running.
RoslynAnalysisRunner has terminated.
Mono: successfully reloaded assembly
- Completed reload, in  1.203 seconds
Platform modules already initialized, skipping
Registering precompiled user dll's ...
Registered in 0.000610 seconds.
Begin MonoManager ReloadAssembly
Native extension for WindowsStandalone target not found
Refreshing native plugins compatible for Editor in 0.21 ms, found 0 plugins.
Preloading 0 native plugins for Editor in 0.00 ms.
Invoked RoslynAnalysisRunner static constructor.
RoslynAnalysisRunner will not be running.
RoslynAnalysisRunner has terminated.
Mono: successfully reloaded assembly
- Completed reload, in  0.864 seconds
Platform modules already initialized, skipping
========================================================================
Worker process is ready to serve import requests
Launched and connected shader compiler UnityShaderCompiler.exe after 0.06 seconds
Refreshing native plugins compatible for Editor in 0.19 ms, found 0 plugins.
Preloading 0 native plugins for Editor in 0.00 ms.
Unloading 1140 Unused Serialized files (Serialized files now loaded: 0)
System memory in use before: 69.3 MB.
System memory in use after: 69.4 MB.

Unloading 9 unused Assets to reduce memory usage. Loaded Objects now: 1596.
Total: 1.676700 ms (FindLiveObjects: 0.129400 ms CreateObjectMapping: 0.033700 ms MarkObjects: 1.454900 ms  DeleteObjects: 0.057800 ms)

========================================================================
Received Import Request.
  path: ProjectSettings/TagManager.asset
  artifactKey: Guid(00000000000000003000000000000000) Importer(815301076,1909f56bfc062723c751e8b465ee728b)
Start importing ProjectSettings/TagManager.asset using Guid(00000000000000003000000000000000) Importer(815301076,1909f56bfc062723c751e8b465ee728b)  -> (artifact id: 'fd5c5ae7f17422b507a46129e121dd6b') in 0.049983 seconds
  Import took 0.093416 seconds .

========================================================================
Received Import Request.
  Time since last request: 44.515607 seconds.
  path: Assets/Prefabs/Barricade.prefab
  artifactKey: Guid(72e650f2d05076545b3d6d17656a04f2) Importer(815301076,1909f56bfc062723c751e8b465ee728b)
Start importing Assets/Prefabs/Barricade.prefab using Guid(72e650f2d05076545b3d6d17656a04f2) Importer(815301076,1909f56bfc062723c751e8b465ee728b)  -> (artifact id: '6fd5226417bfa315e3c0e94672c8e71f') in 0.076042 seconds
  Import took 0.078030 seconds .

========================================================================
Received Import Request.
  Time since last request: 18.340211 seconds.
  path: Assets/Prefabs/Block Square.prefab
  artifactKey: Guid(7e0b6fee031b3da4fb71654cd050843a) Importer(815301076,1909f56bfc062723c751e8b465ee728b)
Start importing Assets/Prefabs/Block Square.prefab using Guid(7e0b6fee031b3da4fb71654cd050843a) Importer(815301076,1909f56bfc062723c751e8b465ee728b)  -> (artifact id: '4a59d7b80f8b26256818b2e0ab871f78') in 0.010009 seconds
  Import took 0.011991 seconds .

========================================================================
Received Import Request.
  Time since last request: 0.007903 seconds.
  path: Assets/Prefabs/Barricade.prefab
  artifactKey: Guid(72e650f2d05076545b3d6d17656a04f2) Importer(815301076,1909f56bfc062723c751e8b465ee728b)
Start importing Assets/Prefabs/Barricade.prefab using Guid(72e650f2d05076545b3d6d17656a04f2) Importer(815301076,1909f56bfc062723c751e8b465ee728b)  -> (artifact id: '62e120bf892cc86ce1eff39ef6eaa104') in 0.016614 seconds
  Import took 0.018805 seconds .

========================================================================
Received Import Request.
  Time since last request: 0.000168 seconds.
  path: Assets/Prefabs/Block Broken 1.prefab
  artifactKey: Guid(d186aaa20a7a39c46a8b24d474078563) Importer(815301076,1909f56bfc062723c751e8b465ee728b)
Start importing Assets/Prefabs/Block Broken 1.prefab using Guid(d186aaa20a7a39c46a8b24d474078563) Importer(815301076,1909f56bfc062723c751e8b465ee728b)  -> (artifact id: 'cadfdac60a9bf861386100e95c31cbd5') in 0.016478 seconds
  Import took 0.018464 seconds .

========================================================================
Received Import Request.
  Time since last request: 13.038442 seconds.
  path: Assets/Prefabs/Bullet.prefab
  artifactKey: Guid(867ca4cd7936aff469aac35c14d131eb) Importer(815301076,1909f56bfc062723c751e8b465ee728b)
Start importing Assets/Prefabs/Bullet.prefab using Guid(867ca4cd7936aff469aac35c14d131eb) Importer(815301076,1909f56bfc062723c751e8b465ee728b)  -> (artifact id: '5da41c56dc80f643a01ddaec7f080cfd') in 0.008969 seconds
  Import took 0.010998 seconds .

========================================================================
Received Import Request.
  Time since last request: 0.013080 seconds.
  path: Assets/Prefabs/Bullet.prefab
  artifactKey: Guid(867ca4cd7936aff469aac35c14d131eb) Importer(815301076,1909f56bfc062723c751e8b465ee728b)
Start importing Assets/Prefabs/Bullet.prefab using Guid(867ca4cd7936aff469aac35c14d131eb) Importer(815301076,1909f56bfc062723c751e8b465ee728b)  -> (artifact id: '5da41c56dc80f643a01ddaec7f080cfd') in 0.014243 seconds
  Import took 0.016356 seconds .

========================================================================
Received Import Request.
  Time since last request: 7.899202 seconds.
  path: Assets/Prefabs/Enemy.prefab
  artifactKey: Guid(25e3c8289cf56dd4987033fa6107d334) Importer(815301076,1909f56bfc062723c751e8b465ee728b)
Start importing Assets/Prefabs/Enemy.prefab using Guid(25e3c8289cf56dd4987033fa6107d334) Importer(815301076,1909f56bfc062723c751e8b465ee728b)  -> (artifact id: '46b0a6ee91caad8a418c132dd3581c51') in 0.012456 seconds
  Import took 0.014501 seconds .

========================================================================
Received Import Request.
  Time since last request: 0.007266 seconds.
  path: Assets/Prefabs/Enemy.prefab
  artifactKey: Guid(25e3c8289cf56dd4987033fa6107d334) Importer(815301076,1909f56bfc062723c751e8b465ee728b)
Start importing Assets/Prefabs/Enemy.prefab using Guid(25e3c8289cf56dd4987033fa6107d334) Importer(815301076,1909f56bfc062723c751e8b465ee728b)  -> (artifact id: '46b0a6ee91caad8a418c132dd3581c51') in 0.016719 seconds
  Import took 0.018777 seconds .

========================================================================
Received Import Request.
  Time since last request: 0.000203 seconds.
  path: Assets/Prefabs/EnemyRow.prefab
  artifactKey: Guid(d31944ba9c83aca4381942916bb78689) Importer(815301076,1909f56bfc062723c751e8b465ee728b)
Start importing Assets/Prefabs/EnemyRow.prefab using Guid(d31944ba9c83aca4381942916bb78689) Importer(815301076,1909f56bfc062723c751e8b465ee728b)  -> (artifact id: 'f1be1eca47146756321e87c803917c49') in 0.010813 seconds
  Import took 0.013008 seconds .

========================================================================
Received Import Request.
  Time since last request: 0.005281 seconds.
  path: Assets/Prefabs/EnemyRow.prefab
  artifactKey: Guid(d31944ba9c83aca4381942916bb78689) Importer(815301076,1909f56bfc062723c751e8b465ee728b)
Start importing Assets/Prefabs/EnemyRow.prefab using Guid(d31944ba9c83aca4381942916bb78689) Importer(815301076,1909f56bfc062723c751e8b465ee728b)  -> (artifact id: 'f1be1eca47146756321e87c803917c49') in 0.012180 seconds
  Import took 0.014383 seconds .

========================================================================
Received Import Request.
  Time since last request: 5.761161 seconds.
  path: Assets/Prefabs/EnemyRow.prefab
  artifactKey: Guid(d31944ba9c83aca4381942916bb78689) Importer(815301076,1909f56bfc062723c751e8b465ee728b)
Start importing Assets/Prefabs/EnemyRow.prefab using Guid(d31944ba9c83aca4381942916bb78689) Importer(815301076,1909f56bfc062723c751e8b465ee728b)  -> (artifact id: '1b2a71ae7375f80aa0afd4a3140862af') in 0.010314 seconds
  Import took 0.012301 seconds .

========================================================================
Received Import Request.
  Time since last request: 0.009101 seconds.
  path: Assets/Prefabs/EnemyRow.prefab
  artifactKey: Guid(d31944ba9c83aca4381942916bb78689) Importer(815301076,1909f56bfc062723c751e8b465ee728b)
Start importing Assets/Prefabs/EnemyRow.prefab using Guid(d31944ba9c83aca4381942916bb78689) Importer(815301076,1909f56bfc062723c751e8b465ee728b)  -> (artifact id: '1b2a71ae7375f80aa0afd4a3140862af') in 0.015244 seconds
  Import took 0.017491 seconds .

========================================================================
Received Import Request.
  Time since last request: 3.521423 seconds.
  path: Assets/Prefabs/Laser.prefab
  artifactKey: Guid(cf182c5030528824f83c9b28d2babca6) Importer(815301076,1909f56bfc062723c751e8b465ee728b)
Start importing Assets/Prefabs/Laser.prefab using Guid(cf182c5030528824f83c9b28d2babca6) Importer(815301076,1909f56bfc062723c751e8b465ee728b)  -> (artifact id: '1208941b2d56473a6b41b74144413f2b') in 0.010854 seconds
  Import took 0.013220 seconds .

========================================================================
Received Import Request.
  Time since last request: 0.007930 seconds.
  path: Assets/Prefabs/Laser.prefab
  artifactKey: Guid(cf182c5030528824f83c9b28d2babca6) Importer(815301076,1909f56bfc062723c751e8b465ee728b)
Start importing Assets/Prefabs/Laser.prefab using Guid(cf182c5030528824f83c9b28d2babca6) Importer(815301076,1909f56bfc062723c751e8b465ee728b)  -> (artifact id: '1208941b2d56473a6b41b74144413f2b') in 0.016266 seconds
  Import took 0.018318 seconds .

========================================================================
Received Import Request.
  Time since last request: 2.900289 seconds.
  path: Assets/Prefabs/Player.prefab
  artifactKey: Guid(1afb94f672ff64848b481eeef00bf4fa) Importer(815301076,1909f56bfc062723c751e8b465ee728b)
Start importing Assets/Prefabs/Player.prefab using Guid(1afb94f672ff64848b481eeef00bf4fa) Importer(815301076,1909f56bfc062723c751e8b465ee728b)  -> (artifact id: 'c376084a5777aad94838cf8078081b6b') in 0.031321 seconds
  Import took 0.033336 seconds .

========================================================================
Received Prepare
Registering precompiled user dll's ...
Registered in 0.000571 seconds.
Begin MonoManager ReloadAssembly
Native extension for WindowsStandalone target not found
Refreshing native plugins compatible for Editor in 0.20 ms, found 0 plugins.
Preloading 0 native plugins for Editor in 0.00 ms.
Invoked RoslynAnalysisRunner static constructor.
RoslynAnalysisRunner will not be running.
RoslynAnalysisRunner has terminated.
Mono: successfully reloaded assembly
- Completed reload, in  0.761 seconds
Platform modules already initialized, skipping
Refreshing native plugins compatible for Editor in 0.19 ms, found 0 plugins.
Preloading 0 native plugins for Editor in 0.00 ms.
Unloading 1134 Unused Serialized files (Serialized files now loaded: 0)
System memory in use before: 72.4 MB.
System memory in use after: 72.5 MB.

Unloading 5 unused Assets to reduce memory usage. Loaded Objects now: 1605.
Total: 1.510300 ms (FindLiveObjects: 0.129800 ms CreateObjectMapping: 0.029900 ms MarkObjects: 1.337400 ms  DeleteObjects: 0.012000 ms)

========================================================================
Received Import Request.
  Time since last request: 192.476256 seconds.
  path: Assets/Scripts/Player.cs
  artifactKey: Guid(bba295c34f8da064b9dc18b79c07ddb9) Importer(815301076,1909f56bfc062723c751e8b465ee728b)
Start importing Assets/Scripts/Player.cs using Guid(bba295c34f8da064b9dc18b79c07ddb9) Importer(815301076,1909f56bfc062723c751e8b465ee728b)  -> (artifact id: '81f16445f7b6a4415254aae80f0f5a1e') in 0.009399 seconds
  Import took 0.011392 seconds .

========================================================================
Received Import Request.
  Time since last request: 2.905922 seconds.
  path: Assets/Prefabs/Player.prefab
  artifactKey: Guid(1afb94f672ff64848b481eeef00bf4fa) Importer(815301076,1909f56bfc062723c751e8b465ee728b)
Start importing Assets/Prefabs/Player.prefab using Guid(1afb94f672ff64848b481eeef00bf4fa) Importer(815301076,1909f56bfc062723c751e8b465ee728b)  -> (artifact id: '7b728ee25cc5847490a4e5c86ba41b40') in 0.052542 seconds
  Import took 0.054536 seconds .

========================================================================
Received Import Request.
  Time since last request: 16.139781 seconds.
  path: Assets/Prefabs/Player.prefab
  artifactKey: Guid(1afb94f672ff64848b481eeef00bf4fa) Importer(815301076,1909f56bfc062723c751e8b465ee728b)
Start importing Assets/Prefabs/Player.prefab using Guid(1afb94f672ff64848b481eeef00bf4fa) Importer(815301076,1909f56bfc062723c751e8b465ee728b)  -> (artifact id: 'a79eb44714e5ce64018ccdd65282b7c2') in 0.009396 seconds
  Import took 0.011901 seconds .

========================================================================
Received Import Request.
  Time since last request: 0.008422 seconds.
  path: Assets/Prefabs/Player.prefab
  artifactKey: Guid(1afb94f672ff64848b481eeef00bf4fa) Importer(815301076,1909f56bfc062723c751e8b465ee728b)
Start importing Assets/Prefabs/Player.prefab using Guid(1afb94f672ff64848b481eeef00bf4fa) Importer(815301076,1909f56bfc062723c751e8b465ee728b)  -> (artifact id: 'a79eb44714e5ce64018ccdd65282b7c2') in 0.011803 seconds
  Import took 0.013895 seconds .

========================================================================
Received Prepare
Registering precompiled user dll's ...
Registered in 0.000559 seconds.
Begin MonoManager ReloadAssembly
Native extension for WindowsStandalone target not found
Refreshing native plugins compatible for Editor in 0.19 ms, found 0 plugins.
Preloading 0 native plugins for Editor in 0.00 ms.
Invoked RoslynAnalysisRunner static constructor.
RoslynAnalysisRunner will not be running.
RoslynAnalysisRunner has terminated.
Mono: successfully reloaded assembly
- Completed reload, in  0.751 seconds
Platform modules already initialized, skipping
Refreshing native plugins compatible for Editor in 0.19 ms, found 0 plugins.
Preloading 0 native plugins for Editor in 0.00 ms.
Unloading 1134 Unused Serialized files (Serialized files now loaded: 0)
System memory in use before: 72.4 MB.
System memory in use after: 72.5 MB.

Unloading 4 unused Assets to reduce memory usage. Loaded Objects now: 1608.
Total: 1.755900 ms (FindLiveObjects: 0.180300 ms CreateObjectMapping: 0.052000 ms MarkObjects: 1.506700 ms  DeleteObjects: 0.016000 ms)

========================================================================
Received Import Request.
  Time since last request: 18.005146 seconds.
  path: Assets/Prefabs/Player.prefab
  artifactKey: Guid(1afb94f672ff64848b481eeef00bf4fa) Importer(815301076,1909f56bfc062723c751e8b465ee728b)
Start importing Assets/Prefabs/Player.prefab using Guid(1afb94f672ff64848b481eeef00bf4fa) Importer(815301076,1909f56bfc062723c751e8b465ee728b)  -> (artifact id: 'ad38e0bf97ed1ea1aee308e33887a0df') in 0.055994 seconds
  Import took 0.058380 seconds .

========================================================================
Received Prepare
Registering precompiled user dll's ...
Registered in 0.000585 seconds.
Begin MonoManager ReloadAssembly
Native extension for WindowsStandalone target not found
Refreshing native plugins compatible for Editor in 0.20 ms, found 0 plugins.
Preloading 0 native plugins for Editor in 0.00 ms.
Invoked RoslynAnalysisRunner static constructor.
RoslynAnalysisRunner will not be running.
RoslynAnalysisRunner has terminated.
Mono: successfully reloaded assembly
- Completed reload, in  0.766 seconds
Platform modules already initialized, skipping
Refreshing native plugins compatible for Editor in 0.20 ms, found 0 plugins.
Preloading 0 native plugins for Editor in 0.00 ms.
Unloading 1134 Unused Serialized files (Serialized files now loaded: 0)
System memory in use before: 72.4 MB.
System memory in use after: 72.5 MB.

Unloading 4 unused Assets to reduce memory usage. Loaded Objects now: 1611.
Total: 1.526800 ms (FindLiveObjects: 0.114600 ms CreateObjectMapping: 0.030600 ms MarkObjects: 1.369500 ms  DeleteObjects: 0.011200 ms)

========================================================================
Received Prepare
Registering precompiled user dll's ...
Registered in 0.000643 seconds.
Begin MonoManager ReloadAssembly
Native extension for WindowsStandalone target not found
Refreshing native plugins compatible for Editor in 0.19 ms, found 0 plugins.
Preloading 0 native plugins for Editor in 0.00 ms.
Invoked RoslynAnalysisRunner static constructor.
RoslynAnalysisRunner will not be running.
RoslynAnalysisRunner has terminated.
Mono: successfully reloaded assembly
- Completed reload, in  0.743 seconds
Platform modules already initialized, skipping
Refreshing native plugins compatible for Editor in 0.21 ms, found 0 plugins.
Preloading 0 native plugins for Editor in 0.00 ms.
Unloading 1134 Unused Serialized files (Serialized files now loaded: 0)
System memory in use before: 72.4 MB.
System memory in use after: 72.5 MB.

Unloading 4 unused Assets to reduce memory usage. Loaded Objects now: 1613.
Total: 1.720300 ms (FindLiveObjects: 0.151300 ms CreateObjectMapping: 0.037200 ms MarkObjects: 1.515500 ms  DeleteObjects: 0.015500 ms)

========================================================================
Received Import Request.
  Time since last request: 120.863229 seconds.
  path: Assets/Prefabs/EnemyRow.prefab
  artifactKey: Guid(d31944ba9c83aca4381942916bb78689) Importer(815301076,1909f56bfc062723c751e8b465ee728b)
Start importing Assets/Prefabs/EnemyRow.prefab using Guid(d31944ba9c83aca4381942916bb78689) Importer(815301076,1909f56bfc062723c751e8b465ee728b)  -> (artifact id: 'd1a1fc003c60071c38e88927392c2708') in 0.064638 seconds
  Import took 0.067121 seconds .

========================================================================
Received Import Request.
  Time since last request: 7.162240 seconds.
  path: Assets/Prefabs/EnemyRow.prefab
  artifactKey: Guid(d31944ba9c83aca4381942916bb78689) Importer(815301076,1909f56bfc062723c751e8b465ee728b)
Start importing Assets/Prefabs/EnemyRow.prefab using Guid(d31944ba9c83aca4381942916bb78689) Importer(815301076,1909f56bfc062723c751e8b465ee728b)  -> (artifact id: 'c76899983e35ab4fdaeded26e8e78771') in 0.011137 seconds
  Import took 0.013399 seconds .

========================================================================
Received Import Request.
  Time since last request: 15.757286 seconds.
  path: Assets/Prefabs/EnemyRow.prefab
  artifactKey: Guid(d31944ba9c83aca4381942916bb78689) Importer(815301076,1909f56bfc062723c751e8b465ee728b)
Start importing Assets/Prefabs/EnemyRow.prefab using Guid(d31944ba9c83aca4381942916bb78689) Importer(815301076,1909f56bfc062723c751e8b465ee728b)  -> (artifact id: '045af0949b888104f0e5058254f74705') in 0.011585 seconds
  Import took 0.013972 seconds .

========================================================================
Received Import Request.
  Time since last request: 2.842475 seconds.
  path: Assets/Prefabs/EnemyRow.prefab
  artifactKey: Guid(d31944ba9c83aca4381942916bb78689) Importer(815301076,1909f56bfc062723c751e8b465ee728b)
Start importing Assets/Prefabs/EnemyRow.prefab using Guid(d31944ba9c83aca4381942916bb78689) Importer(815301076,1909f56bfc062723c751e8b465ee728b)  -> (artifact id: 'a8731e4cdd88ad0a931fd8dfab237a56') in 0.012318 seconds
  Import took 0.014775 seconds .

========================================================================
Received Import Request.
  Time since last request: 2.200613 seconds.
  path: Assets/Prefabs/EnemyRow.prefab
  artifactKey: Guid(d31944ba9c83aca4381942916bb78689) Importer(815301076,1909f56bfc062723c751e8b465ee728b)
Start importing Assets/Prefabs/EnemyRow.prefab using Guid(d31944ba9c83aca4381942916bb78689) Importer(815301076,1909f56bfc062723c751e8b465ee728b)  -> (artifact id: '8af4e59a6bf0925db2404f9cfbf99b04') in 0.014273 seconds
  Import took 0.016902 seconds .

========================================================================
Received Import Request.
  Time since last request: 1.636915 seconds.
  path: Assets/Prefabs/EnemyRow.prefab
  artifactKey: Guid(d31944ba9c83aca4381942916bb78689) Importer(815301076,1909f56bfc062723c751e8b465ee728b)
Start importing Assets/Prefabs/EnemyRow.prefab using Guid(d31944ba9c83aca4381942916bb78689) Importer(815301076,1909f56bfc062723c751e8b465ee728b)  -> (artifact id: 'e12a31934a9e4450d07d7acde128ae3b') in 0.017212 seconds
  Import took 0.019585 seconds .

========================================================================
Received Import Request.
  Time since last request: 0.963026 seconds.
  path: Assets/Prefabs/EnemyRow.prefab
  artifactKey: Guid(d31944ba9c83aca4381942916bb78689) Importer(815301076,1909f56bfc062723c751e8b465ee728b)
Start importing Assets/Prefabs/EnemyRow.prefab using Guid(d31944ba9c83aca4381942916bb78689) Importer(815301076,1909f56bfc062723c751e8b465ee728b)  -> (artifact id: '15bb3b2de293895d88c8e5dfeb4356fa') in 0.015390 seconds
  Import took 0.018120 seconds .

========================================================================
Received Import Request.
  Time since last request: 2.238947 seconds.
  path: Assets/Prefabs/EnemyRow.prefab
  artifactKey: Guid(d31944ba9c83aca4381942916bb78689) Importer(815301076,1909f56bfc062723c751e8b465ee728b)
Start importing Assets/Prefabs/EnemyRow.prefab using Guid(d31944ba9c83aca4381942916bb78689) Importer(815301076,1909f56bfc062723c751e8b465ee728b)  -> (artifact id: '3e6c06406c0c78603bb0af9a81f66355') in 0.015726 seconds
  Import took 0.018192 seconds .

========================================================================
Received Import Request.
  Time since last request: 23.908448 seconds.
  path: Assets/Prefabs/EnemyRow.prefab
  artifactKey: Guid(d31944ba9c83aca4381942916bb78689) Importer(815301076,1909f56bfc062723c751e8b465ee728b)
Start importing Assets/Prefabs/EnemyRow.prefab using Guid(d31944ba9c83aca4381942916bb78689) Importer(815301076,1909f56bfc062723c751e8b465ee728b)  -> (artifact id: 'a19acbf2ad51492c9a90df7f839bafd6') in 0.013738 seconds
  Import took 0.016296 seconds .

========================================================================
Received Prepare
Registering precompiled user dll's ...
Registered in 0.000619 seconds.
Begin MonoManager ReloadAssembly
Native extension for WindowsStandalone target not found
Refreshing native plugins compatible for Editor in 0.22 ms, found 0 plugins.
Preloading 0 native plugins for Editor in 0.00 ms.
Invoked RoslynAnalysisRunner static constructor.
RoslynAnalysisRunner will not be running.
RoslynAnalysisRunner has terminated.
Mono: successfully reloaded assembly
- Completed reload, in  0.758 seconds
Platform modules already initialized, skipping
Refreshing native plugins compatible for Editor in 0.23 ms, found 0 plugins.
Preloading 0 native plugins for Editor in 0.00 ms.
Unloading 1134 Unused Serialized files (Serialized files now loaded: 0)
System memory in use before: 72.5 MB.
System memory in use after: 72.6 MB.

Unloading 4 unused Assets to reduce memory usage. Loaded Objects now: 1616.
Total: 1.545100 ms (FindLiveObjects: 0.115800 ms CreateObjectMapping: 0.031600 ms MarkObjects: 1.385700 ms  DeleteObjects: 0.011200 ms)

========================================================================
Received Import Request.
  Time since last request: 246.786979 seconds.
  path: Assets/Scripts/EnemyRow.cs
  artifactKey: Guid(345b8050fde1cb249b19888ee2d47706) Importer(815301076,1909f56bfc062723c751e8b465ee728b)
Start importing Assets/Scripts/EnemyRow.cs using Guid(345b8050fde1cb249b19888ee2d47706) Importer(815301076,1909f56bfc062723c751e8b465ee728b)  -> (artifact id: '9d0a8ed1f36f414e43732753c016624d') in 0.004711 seconds
  Import took 0.006709 seconds .

========================================================================
Received Import Request.
  Time since last request: 0.000354 seconds.
  path: Assets/Scripts/EnemyRow.cs
  artifactKey: Guid(345b8050fde1cb249b19888ee2d47706) Importer(815301076,1909f56bfc062723c751e8b465ee728b)
Start importing Assets/Scripts/EnemyRow.cs using Guid(345b8050fde1cb249b19888ee2d47706) Importer(815301076,1909f56bfc062723c751e8b465ee728b)  -> (artifact id: '9d0a8ed1f36f414e43732753c016624d') in 0.003189 seconds
  Import took 0.005217 seconds .

========================================================================
Received Import Request.
  Time since last request: 0.024972 seconds.
  path: Assets/Scripts/EnemyRow.cs
  artifactKey: Guid(345b8050fde1cb249b19888ee2d47706) Importer(815301076,1909f56bfc062723c751e8b465ee728b)
Start importing Assets/Scripts/EnemyRow.cs using Guid(345b8050fde1cb249b19888ee2d47706) Importer(815301076,1909f56bfc062723c751e8b465ee728b)  -> (artifact id: '9d0a8ed1f36f414e43732753c016624d') in 0.002743 seconds
  Import took 0.004592 seconds .

========================================================================
Received Import Request.
  Time since last request: 27.577071 seconds.
  path: Assets/Scripts/EnemyRow.cs
  artifactKey: Guid(345b8050fde1cb249b19888ee2d47706) Importer(815301076,1909f56bfc062723c751e8b465ee728b)
Start importing Assets/Scripts/EnemyRow.cs using Guid(345b8050fde1cb249b19888ee2d47706) Importer(815301076,1909f56bfc062723c751e8b465ee728b)  -> (artifact id: '980cb8c03415e1c6d5f677619f5ad66e') in 0.003730 seconds
  Import took 0.005984 seconds .

========================================================================
Received Import Request.
  Time since last request: 20.500303 seconds.
  path: Assets/Scripts/EnemyFleet.cs
  artifactKey: Guid(345b8050fde1cb249b19888ee2d47706) Importer(815301076,1909f56bfc062723c751e8b465ee728b)
Start importing Assets/Scripts/EnemyFleet.cs using Guid(345b8050fde1cb249b19888ee2d47706) Importer(815301076,1909f56bfc062723c751e8b465ee728b)  -> (artifact id: '02ce3e8fda2978dbe4a25ea3bc657fe4') in 0.002929 seconds
  Import took 0.005220 seconds .

========================================================================
Received Prepare
Registering precompiled user dll's ...
Registered in 0.000604 seconds.
Begin MonoManager ReloadAssembly
Native extension for WindowsStandalone target not found
Refreshing native plugins compatible for Editor in 0.20 ms, found 0 plugins.
Preloading 0 native plugins for Editor in 0.00 ms.
Invoked RoslynAnalysisRunner static constructor.
RoslynAnalysisRunner will not be running.
RoslynAnalysisRunner has terminated.
Mono: successfully reloaded assembly
- Completed reload, in  0.748 seconds
Platform modules already initialized, skipping
Refreshing native plugins compatible for Editor in 0.23 ms, found 0 plugins.
Preloading 0 native plugins for Editor in 0.00 ms.
Unloading 1134 Unused Serialized files (Serialized files now loaded: 0)
System memory in use before: 72.5 MB.
System memory in use after: 72.6 MB.

Unloading 4 unused Assets to reduce memory usage. Loaded Objects now: 1618.
Total: 1.697800 ms (FindLiveObjects: 0.158900 ms CreateObjectMapping: 0.040100 ms MarkObjects: 1.483400 ms  DeleteObjects: 0.014400 ms)

========================================================================
Received Prepare
Registering precompiled user dll's ...
Registered in 0.000590 seconds.
Begin MonoManager ReloadAssembly
Native extension for WindowsStandalone target not found
Refreshing native plugins compatible for Editor in 0.20 ms, found 0 plugins.
Preloading 0 native plugins for Editor in 0.00 ms.
Invoked RoslynAnalysisRunner static constructor.
RoslynAnalysisRunner will not be running.
RoslynAnalysisRunner has terminated.
Mono: successfully reloaded assembly
- Completed reload, in  0.753 seconds
Platform modules already initialized, skipping
Refreshing native plugins compatible for Editor in 0.19 ms, found 0 plugins.
Preloading 0 native plugins for Editor in 0.00 ms.
Unloading 1134 Unused Serialized files (Serialized files now loaded: 0)
System memory in use before: 72.5 MB.
System memory in use after: 72.6 MB.

Unloading 4 unused Assets to reduce memory usage. Loaded Objects now: 1620.
Total: 1.773500 ms (FindLiveObjects: 0.165400 ms CreateObjectMapping: 0.046500 ms MarkObjects: 1.545000 ms  DeleteObjects: 0.014700 ms)

========================================================================
Received Prepare
Registering precompiled user dll's ...
Registered in 0.000589 seconds.
Begin MonoManager ReloadAssembly
Native extension for WindowsStandalone target not found
Refreshing native plugins compatible for Editor in 0.20 ms, found 0 plugins.
Preloading 0 native plugins for Editor in 0.00 ms.
Invoked RoslynAnalysisRunner static constructor.
RoslynAnalysisRunner will not be running.
RoslynAnalysisRunner has terminated.
Mono: successfully reloaded assembly
- Completed reload, in  0.730 seconds
Platform modules already initialized, skipping
Refreshing native plugins compatible for Editor in 0.19 ms, found 0 plugins.
Preloading 0 native plugins for Editor in 0.00 ms.
Unloading 1134 Unused Serialized files (Serialized files now loaded: 0)
System memory in use before: 72.5 MB.
System memory in use after: 72.6 MB.

Unloading 4 unused Assets to reduce memory usage. Loaded Objects now: 1622.
Total: 1.818700 ms (FindLiveObjects: 0.143600 ms CreateObjectMapping: 0.036900 ms MarkObjects: 1.624900 ms  DeleteObjects: 0.012400 ms)

========================================================================
Received Prepare
Registering precompiled user dll's ...
Registered in 0.000611 seconds.
Begin MonoManager ReloadAssembly
Native extension for WindowsStandalone target not found
Refreshing native plugins compatible for Editor in 0.20 ms, found 0 plugins.
Preloading 0 native plugins for Editor in 0.00 ms.
Invoked RoslynAnalysisRunner static constructor.
RoslynAnalysisRunner will not be running.
RoslynAnalysisRunner has terminated.
Mono: successfully reloaded assembly
- Completed reload, in  0.758 seconds
Platform modules already initialized, skipping
Refreshing native plugins compatible for Editor in 0.19 ms, found 0 plugins.
Preloading 0 native plugins for Editor in 0.00 ms.
Unloading 1134 Unused Serialized files (Serialized files now loaded: 0)
System memory in use before: 72.6 MB.
System memory in use after: 72.7 MB.

Unloading 4 unused Assets to reduce memory usage. Loaded Objects now: 1624.
Total: 1.607800 ms (FindLiveObjects: 0.131100 ms CreateObjectMapping: 0.034600 ms MarkObjects: 1.429300 ms  DeleteObjects: 0.012000 ms)

AssetImportWorkerClient::OnTransportError - code=2 error=End of file
